<?xml version="1.0" encoding="UTF-8"?>
<!-- Generated by org.testng.reporters.JUnitReportReporter -->
<testsuite hostname="DESKTOP-UD6I43A" failures="0" tests="1" name="project1_testfile.Project1_Testcase2" time="10.963" errors="0" timestamp="2024-07-21T19:32:41 IST" skipped="0">
  <testcase classname="project1_testfile.Project1_Testcase2" name="login" time="10.963"/>
  <system-out/>
</testsuite> <!-- project1_testfile.Project1_Testcase2 -->
