<?xml version="1.0" encoding="UTF-8"?>
<!-- Generated by org.testng.reporters.JUnitReportReporter -->
<testsuite hostname="DESKTOP-UD6I43A" failures="0" tests="1" name="Selenium_Package.Selenium_Project.Amazon_TestCase3" time="47.359" errors="0" timestamp="2024-07-08T21:14:51 IST" skipped="0">
  <testcase classname="Selenium_Package.Selenium_Project.Amazon_TestCase3" name="login_to_search_firstproduct_wishlist" time="47.359"/>
  <system-out/>
</testsuite> <!-- Selenium_Package.Selenium_Project.Amazon_TestCase3 -->
