<?xml version="1.0" encoding="UTF-8"?>
<!-- Generated by org.testng.reporters.JUnitReportReporter -->
<testsuite hostname="DESKTOP-UD6I43A" failures="0" tests="1" name="Selenium_Package.Selenium_Project.TestCase1" time="5.297" errors="0" timestamp="2024-07-04T16:55:01 IST" skipped="0">
  <testcase classname="Selenium_Package.Selenium_Project.TestCase1" name="login_to_facebook_using_right_credentials" time="5.297"/>
  <system-out/>
</testsuite> <!-- Selenium_Package.Selenium_Project.TestCase1 -->
