<?xml version="1.0" encoding="UTF-8"?>
<!-- Generated by org.testng.reporters.JUnitReportReporter -->
<testsuite hostname="DESKTOP-UD6I43A" failures="0" tests="1" name="Selenium_Package.Selenium_Project.Amazon_TestCase2" time="27.603" errors="0" timestamp="2024-07-04T22:06:10 IST" skipped="0">
  <testcase classname="Selenium_Package.Selenium_Project.Amazon_TestCase2" name="login_to_search_firstproduct" time="27.603"/>
  <system-out/>
</testsuite> <!-- Selenium_Package.Selenium_Project.Amazon_TestCase2 -->
