<?xml version="1.0" encoding="UTF-8"?>
<!-- Generated by org.testng.reporters.JUnitReportReporter -->
<testsuite hostname="DESKTOP-UD6I43A" failures="0" tests="2" name="project1_testfile.Project1_Testcase1" time="16.353" errors="0" timestamp="2024-07-21T18:39:59 IST" skipped="0">
  <testcase classname="project1_testfile.Project1_Testcase1" name="registration_page" time="12.495"/>
  <system-out/>
  <testcase classname="project1_testfile.Project1_Testcase1" name="browser_code" time="3.858"/>
  <system-out/>
</testsuite> <!-- project1_testfile.Project1_Testcase1 -->
