<?xml version="1.0" encoding="UTF-8"?>
<!-- Generated by org.testng.reporters.JUnitReportReporter -->
<testsuite hostname="DESKTOP-UD6I43A" failures="0" tests="1" name="package3.Test_Date" time="1.530" errors="0" timestamp="2024-07-13T18:33:11 IST" skipped="0">
  <testcase classname="package3.Test_Date" name="Data_Fetching" time="1.530"/>
  <system-out/>
</testsuite> <!-- package3.Test_Date -->
